[2022-08-06 12:52:16] local.ERROR: rename(D:\laragon\www\laravel-cms\bootstrap\cache\pacAE51.tmp,D:\laragon\www\laravel-cms\bootstrap\cache/packages.php): Access is denied (code: 5) {"exception":"[object] (ErrorException(code: 0): rename(D:\\laragon\\www\\laravel-cms\\bootstrap\\cache\\pacAE51.tmp,D:\\laragon\\www\\laravel-cms\\bootstrap\\cache/packages.php): Access is denied (code: 5) at D:\\laragon\\www\\laravel-cms\\vendor\\laravel\\framework\\src\\Illuminate\\Filesystem\\Filesystem.php:211)
[stacktrace]
#0 D:\\laragon\\www\\laravel-cms\\vendor\\laravel\\framework\\src\\Illuminate\\Foundation\\Bootstrap\\HandleExceptions.php(257): Illuminate\\Foundation\\Bootstrap\\HandleExceptions->handleError(2, 'rename(D:\\\\larag...', 'D:\\\\laragon\\\\www\\\\...', 211)
#1 [internal function]: Illuminate\\Foundation\\Bootstrap\\HandleExceptions->Illuminate\\Foundation\\Bootstrap\\{closure}(2, 'rename(D:\\\\larag...', 'D:\\\\laragon\\\\www\\\\...', 211)
#2 D:\\laragon\\www\\laravel-cms\\vendor\\laravel\\framework\\src\\Illuminate\\Filesystem\\Filesystem.php(211): rename('D:\\\\laragon\\\\www\\\\...', 'D:\\\\laragon\\\\www\\\\...')
#3 D:\\laragon\\www\\laravel-cms\\vendor\\laravel\\framework\\src\\Illuminate\\Foundation\\PackageManifest.php(182): Illuminate\\Filesystem\\Filesystem->replace('D:\\\\laragon\\\\www\\\\...', '<?php return ar...')
#4 D:\\laragon\\www\\laravel-cms\\vendor\\laravel\\framework\\src\\Illuminate\\Foundation\\PackageManifest.php(137): Illuminate\\Foundation\\PackageManifest->write(Array)
#5 D:\\laragon\\www\\laravel-cms\\vendor\\laravel\\framework\\src\\Illuminate\\Foundation\\PackageManifest.php(107): Illuminate\\Foundation\\PackageManifest->build()
#6 D:\\laragon\\www\\laravel-cms\\vendor\\laravel\\framework\\src\\Illuminate\\Foundation\\PackageManifest.php(90): Illuminate\\Foundation\\PackageManifest->getManifest()
#7 D:\\laragon\\www\\laravel-cms\\vendor\\laravel\\framework\\src\\Illuminate\\Foundation\\PackageManifest.php(79): Illuminate\\Foundation\\PackageManifest->config('aliases')
#8 D:\\laragon\\www\\laravel-cms\\vendor\\laravel\\framework\\src\\Illuminate\\Foundation\\Bootstrap\\RegisterFacades.php(26): Illuminate\\Foundation\\PackageManifest->aliases()
#9 D:\\laragon\\www\\laravel-cms\\vendor\\laravel\\framework\\src\\Illuminate\\Foundation\\Application.php(239): Illuminate\\Foundation\\Bootstrap\\RegisterFacades->bootstrap(Object(Illuminate\\Foundation\\Application))
#10 D:\\laragon\\www\\laravel-cms\\vendor\\laravel\\framework\\src\\Illuminate\\Foundation\\Console\\Kernel.php(310): Illuminate\\Foundation\\Application->bootstrapWith(Array)
#11 D:\\laragon\\www\\laravel-cms\\vendor\\laravel\\framework\\src\\Illuminate\\Foundation\\Console\\Kernel.php(127): Illuminate\\Foundation\\Console\\Kernel->bootstrap()
#12 Command line code(1): Illuminate\\Foundation\\Console\\Kernel->handle(Object(Symfony\\Component\\Console\\Input\\ArgvInput), Object(Symfony\\Component\\Console\\Output\\ConsoleOutput))
#13 {main}
"} 
[2022-08-06 12:52:17] local.ERROR: Uncaught ReflectionException: Class "view" does not exist in D:\laragon\www\laravel-cms\vendor\laravel\framework\src\Illuminate\Container\Container.php:875
Stack trace:
#0 D:\laragon\www\laravel-cms\vendor\laravel\framework\src\Illuminate\Container\Container.php(875): ReflectionClass->__construct('view')
#1 D:\laragon\www\laravel-cms\vendor\laravel\framework\src\Illuminate\Container\Container.php(756): Illuminate\Container\Container->build('view')
#2 D:\laragon\www\laravel-cms\vendor\laravel\framework\src\Illuminate\Foundation\Application.php(855): Illuminate\Container\Container->resolve('view', Array, true)
#3 D:\laragon\www\laravel-cms\vendor\laravel\framework\src\Illuminate\Container\Container.php(692): Illuminate\Foundation\Application->resolve('view', Array)
#4 D:\laragon\www\laravel-cms\vendor\laravel\framework\src\Illuminate\Foundation\Application.php(840): Illuminate\Container\Container->make('view', Array)
#5 D:\laragon\www\laravel-cms\vendor\laravel\framework\src\Illuminate\Foundation\helpers.php(119): Illuminate\Foundation\Application->make('view', Array)
#6 Command line code(1): app('view')
#7 {main}

Next Illuminate\Contracts\Container\BindingResolutionException: Target class [view] does not exist. in D:\laragon\www\laravel-cms\vendor\laravel\framework\src\Illuminate\Container\Container.php:877
Stack trace:
#0 D:\laragon\www\laravel-cms\vendor\laravel\framework\src\Illuminate\Container\Container.php(756): Illuminate\Container\Container->build('view')
#1 D:\laragon\www\laravel-cms\vendor\laravel\framework\src\Illuminate\Foundation\Application.php(855): Illuminate\Container\Container->resolve('view', Array, true)
#2 D:\laragon\www\laravel-cms\vendor\laravel\framework\src\Illuminate\Container\Container.php(692): Illuminate\Foundation\Application->resolve('view', Array)
#3 D:\laragon\www\laravel-cms\vendor\laravel\framework\src\Illuminate\Foundation\Application.php(840): Illuminate\Container\Container->make('view', Array)
#4 D:\laragon\www\laravel-cms\vendor\laravel\framework\src\Illuminate\Foundation\helpers.php(119): Illuminate\Foundation\Application->make('view', Array)
#5 Command line code(1): app('view')
#6 {main}
  thrown {"exception":"[object] (Symfony\\Component\\ErrorHandler\\Error\\FatalError(code: 0): Uncaught ReflectionException: Class \"view\" does not exist in D:\\laragon\\www\\laravel-cms\\vendor\\laravel\\framework\\src\\Illuminate\\Container\\Container.php:875
Stack trace:
#0 D:\\laragon\\www\\laravel-cms\\vendor\\laravel\\framework\\src\\Illuminate\\Container\\Container.php(875): ReflectionClass->__construct('view')
#1 D:\\laragon\\www\\laravel-cms\\vendor\\laravel\\framework\\src\\Illuminate\\Container\\Container.php(756): Illuminate\\Container\\Container->build('view')
#2 D:\\laragon\\www\\laravel-cms\\vendor\\laravel\\framework\\src\\Illuminate\\Foundation\\Application.php(855): Illuminate\\Container\\Container->resolve('view', Array, true)
#3 D:\\laragon\\www\\laravel-cms\\vendor\\laravel\\framework\\src\\Illuminate\\Container\\Container.php(692): Illuminate\\Foundation\\Application->resolve('view', Array)
#4 D:\\laragon\\www\\laravel-cms\\vendor\\laravel\\framework\\src\\Illuminate\\Foundation\\Application.php(840): Illuminate\\Container\\Container->make('view', Array)
#5 D:\\laragon\\www\\laravel-cms\\vendor\\laravel\\framework\\src\\Illuminate\\Foundation\\helpers.php(119): Illuminate\\Foundation\\Application->make('view', Array)
#6 Command line code(1): app('view')
#7 {main}

Next Illuminate\\Contracts\\Container\\BindingResolutionException: Target class [view] does not exist. in D:\\laragon\\www\\laravel-cms\\vendor\\laravel\\framework\\src\\Illuminate\\Container\\Container.php:877
Stack trace:
#0 D:\\laragon\\www\\laravel-cms\\vendor\\laravel\\framework\\src\\Illuminate\\Container\\Container.php(756): Illuminate\\Container\\Container->build('view')
#1 D:\\laragon\\www\\laravel-cms\\vendor\\laravel\\framework\\src\\Illuminate\\Foundation\\Application.php(855): Illuminate\\Container\\Container->resolve('view', Array, true)
#2 D:\\laragon\\www\\laravel-cms\\vendor\\laravel\\framework\\src\\Illuminate\\Container\\Container.php(692): Illuminate\\Foundation\\Application->resolve('view', Array)
#3 D:\\laragon\\www\\laravel-cms\\vendor\\laravel\\framework\\src\\Illuminate\\Foundation\\Application.php(840): Illuminate\\Container\\Container->make('view', Array)
#4 D:\\laragon\\www\\laravel-cms\\vendor\\laravel\\framework\\src\\Illuminate\\Foundation\\helpers.php(119): Illuminate\\Foundation\\Application->make('view', Array)
#5 Command line code(1): app('view')
#6 {main}
  thrown at D:\\laragon\\www\\laravel-cms\\vendor\\laravel\\framework\\src\\Illuminate\\Container\\Container.php:877)
[stacktrace]
#0 {main}
"} 
[2022-08-06 13:05:45] local.ERROR: Command "make:molel" is not defined.

Did you mean one of these?
    make:cast
    make:channel
    make:command
    make:component
    make:controller
    make:event
    make:exception
    make:factory
    make:job
    make:listener
    make:mail
    make:middleware
    make:migration
    make:model
    make:notification
    make:observer
    make:policy
    make:provider
    make:request
    make:resource
    make:rule
    make:scope
    make:seeder
    make:test {"exception":"[object] (Symfony\\Component\\Console\\Exception\\CommandNotFoundException(code: 0): Command \"make:molel\" is not defined.

Did you mean one of these?
    make:cast
    make:channel
    make:command
    make:component
    make:controller
    make:event
    make:exception
    make:factory
    make:job
    make:listener
    make:mail
    make:middleware
    make:migration
    make:model
    make:notification
    make:observer
    make:policy
    make:provider
    make:request
    make:resource
    make:rule
    make:scope
    make:seeder
    make:test at D:\\laragon\\www\\laravel-cms\\vendor\\symfony\\console\\Application.php:692)
[stacktrace]
#0 D:\\laragon\\www\\laravel-cms\\vendor\\symfony\\console\\Application.php(259): Symfony\\Component\\Console\\Application->find('make:molel')
#1 D:\\laragon\\www\\laravel-cms\\vendor\\symfony\\console\\Application.php(171): Symfony\\Component\\Console\\Application->doRun(Object(Symfony\\Component\\Console\\Input\\ArgvInput), Object(Symfony\\Component\\Console\\Output\\ConsoleOutput))
#2 D:\\laragon\\www\\laravel-cms\\vendor\\laravel\\framework\\src\\Illuminate\\Console\\Application.php(102): Symfony\\Component\\Console\\Application->run(Object(Symfony\\Component\\Console\\Input\\ArgvInput), Object(Symfony\\Component\\Console\\Output\\ConsoleOutput))
#3 D:\\laragon\\www\\laravel-cms\\vendor\\laravel\\framework\\src\\Illuminate\\Foundation\\Console\\Kernel.php(129): Illuminate\\Console\\Application->run(Object(Symfony\\Component\\Console\\Input\\ArgvInput), Object(Symfony\\Component\\Console\\Output\\ConsoleOutput))
#4 D:\\laragon\\www\\laravel-cms\\artisan(37): Illuminate\\Foundation\\Console\\Kernel->handle(Object(Symfony\\Component\\Console\\Input\\ArgvInput), Object(Symfony\\Component\\Console\\Output\\ConsoleOutput))
#5 {main}
"} 
